2021-03-01 15:49:08,825 [INFO] Activator:170 - 


2021-03-01 15:49:08,828 [INFO] Activator:171 - !SESSION log4j initialized
2021-03-01 15:49:54,725 [INFO] McuFinderGlobals:39 - Set McuFinder mode to 2 (CubeIDE integrated)
2021-03-01 15:49:54,883 [INFO] ApplicationProperties:181 - Using Application install path: C:\ST\STM32CubeIDE_1.2.0\STM32CubeIDE\plugins\com.st.stm32cube.common.mx_6.2.0.202102191602
2021-03-01 15:49:54,896 [INFO] DbMcusXml:74 - Set database path to: C:\ST\STM32CubeIDE_1.2.0\STM32CubeIDE\plugins\com.st.stm32cube.common.mx_6.2.0.202102191602\\db\/mcu/
2021-03-01 15:49:54,901 [INFO] DbBoardsPdsc:56 - Set plugin database path to: C:\ST\STM32CubeIDE_1.2.0\STM32CubeIDE\plugins\com.st.stm32cube.common.mx_6.2.0.202102191602\\db\/plugins/boardmanager/
2021-03-01 15:49:54,902 [INFO] DbMcus:258 - Set plugin images path to: C:\ST\STM32CubeIDE_1.2.0\STM32CubeIDE\plugins\com.st.stm32cube.common.mx_6.2.0.202102191602\\db\/plugins/mcufinder/images/
2021-03-01 15:49:54,902 [INFO] DbBoards:264 - Set plugin images path to: C:\ST\STM32CubeIDE_1.2.0\STM32CubeIDE\plugins\com.st.stm32cube.common.mx_6.2.0.202102191602\\db\/plugins/mcufinder/images/
2021-03-01 15:49:54,905 [INFO] DbExamples:333 - Set plugin images path to: C:\ST\STM32CubeIDE_1.2.0\STM32CubeIDE\plugins\com.st.stm32cube.common.mx_6.2.0.202102191602\\db\/plugins/mcufinder/images/
2021-03-01 15:49:54,911 [INFO] DbMcusAds:85 - Set database path to: C:\Users\jernej\.stmcufinder\plugins\mcufinder//mcu/
2021-03-01 15:49:54,912 [INFO] DbMcusDocs:110 - Set database path to: C:\Users\jernej\.stmcufinder\plugins\mcufinder//mcu/
2021-03-01 15:49:54,914 [INFO] DbMcusJson:65 - Set database path to: C:\Users\jernej\.stmcufinder\plugins\mcufinder//mcu/
2021-03-01 15:49:54,915 [INFO] DbBoardsDocs:110 - Set database path to: C:\Users\jernej\.stmcufinder\plugins\mcufinder//mcu/
2021-03-01 15:49:54,917 [INFO] DbBoardsJson:58 - Set database path to: C:\Users\jernej\.stmcufinder\plugins\mcufinder//mcu/
2021-03-01 15:50:05,949 [INFO] CrossReferenceDbSqlite:196 - Set database path to: C:\Users\jernej\.stmcufinder\plugins\mcufinder//mcu/cs/
2021-03-01 15:50:05,954 [INFO] DbExamplesSqlite:690 - Set database path to: C:\Users\jernej\.stmcufinder\plugins\mcufinder//mcu/
2021-03-01 15:50:06,083 [INFO] RulesReader:52 - Compatibility file has been processed (237 Rules)
2021-03-01 15:50:06,265 [INFO] MicroXplorer:622 - Detected Java Version = 11.0.9.1
2021-03-01 15:50:06,267 [INFO] DbMcusXml:74 - Set database path to: C:\ST\STM32CubeIDE_1.2.0\STM32CubeIDE\plugins\com.st.stm32cube.common.mx_6.2.0.202102191602\\db\/mcu/
2021-03-01 15:50:06,267 [INFO] DbBoardsPdsc:56 - Set plugin database path to: C:\ST\STM32CubeIDE_1.2.0\STM32CubeIDE\plugins\com.st.stm32cube.common.mx_6.2.0.202102191602\\db\/plugins/boardmanager/
2021-03-01 15:50:06,267 [INFO] DbMcus:258 - Set plugin images path to: C:\ST\STM32CubeIDE_1.2.0\STM32CubeIDE\plugins\com.st.stm32cube.common.mx_6.2.0.202102191602\\db\/plugins/mcufinder/images/
2021-03-01 15:50:06,267 [INFO] DbBoards:264 - Set plugin images path to: C:\ST\STM32CubeIDE_1.2.0\STM32CubeIDE\plugins\com.st.stm32cube.common.mx_6.2.0.202102191602\\db\/plugins/mcufinder/images/
2021-03-01 15:50:06,268 [INFO] DbExamples:333 - Set plugin images path to: C:\ST\STM32CubeIDE_1.2.0\STM32CubeIDE\plugins\com.st.stm32cube.common.mx_6.2.0.202102191602\\db\/plugins/mcufinder/images/
2021-03-01 15:50:06,268 [WARN] DbFile:35 - Overriding database path with different value: C:\Users\jernej\.stmcufinder\plugins\mcufinder/ => C:\Users\jernej\.stmcufinder\plugins\mcufinder
2021-03-01 15:50:06,268 [INFO] DbMcusAds:85 - Set database path to: C:\Users\jernej\.stmcufinder\plugins\mcufinder//mcu/
2021-03-01 15:50:06,268 [WARN] DbFile:35 - Overriding database path with different value: C:\Users\jernej\.stmcufinder\plugins\mcufinder/ => C:\Users\jernej\.stmcufinder\plugins\mcufinder
2021-03-01 15:50:06,269 [INFO] DbMcusDocs:110 - Set database path to: C:\Users\jernej\.stmcufinder\plugins\mcufinder//mcu/
2021-03-01 15:50:06,269 [WARN] DbFile:35 - Overriding database path with different value: C:\Users\jernej\.stmcufinder\plugins\mcufinder/ => C:\Users\jernej\.stmcufinder\plugins\mcufinder
2021-03-01 15:50:06,269 [INFO] DbMcusJson:65 - Set database path to: C:\Users\jernej\.stmcufinder\plugins\mcufinder//mcu/
2021-03-01 15:50:06,269 [WARN] DbFile:35 - Overriding database path with different value: C:\Users\jernej\.stmcufinder\plugins\mcufinder/ => C:\Users\jernej\.stmcufinder\plugins\mcufinder
2021-03-01 15:50:06,269 [INFO] DbBoardsDocs:110 - Set database path to: C:\Users\jernej\.stmcufinder\plugins\mcufinder//mcu/
2021-03-01 15:50:06,270 [WARN] DbFile:35 - Overriding database path with different value: C:\Users\jernej\.stmcufinder\plugins\mcufinder/ => C:\Users\jernej\.stmcufinder\plugins\mcufinder
2021-03-01 15:50:06,270 [INFO] DbBoardsJson:58 - Set database path to: C:\Users\jernej\.stmcufinder\plugins\mcufinder//mcu/
2021-03-01 15:50:06,270 [WARN] DbFile:35 - Overriding database path with different value: C:\Users\jernej\.stmcufinder\plugins\mcufinder/ => C:\Users\jernej\.stmcufinder\plugins\mcufinder
2021-03-01 15:50:06,270 [WARN] DbFile:35 - Overriding database path with different value: C:\Users\jernej\.stmcufinder\plugins\mcufinder/ => C:\Users\jernej\.stmcufinder\plugins\mcufinder
2021-03-01 15:50:06,271 [INFO] CrossReferenceDbSqlite:196 - Set database path to: C:\Users\jernej\.stmcufinder\plugins\mcufinder//mcu/cs/
2021-03-01 15:50:06,271 [WARN] DbFile:35 - Overriding database path with different value: C:\Users\jernej\.stmcufinder\plugins\mcufinder/ => C:\Users\jernej\.stmcufinder\plugins\mcufinder
2021-03-01 15:50:06,271 [INFO] DbExamplesSqlite:690 - Set database path to: C:\Users\jernej\.stmcufinder\plugins\mcufinder//mcu/
2021-03-01 15:50:06,380 [INFO] MainPanel:204 - HeapMemory: 276824064
2021-03-01 15:50:06,460 [INFO] DbMcusXml:74 - Set database path to: C:\ST\STM32CubeIDE_1.2.0\STM32CubeIDE\plugins\com.st.stm32cube.common.mx_6.2.0.202102191602\\db\/mcu/
2021-03-01 15:50:06,460 [INFO] DbBoardsPdsc:56 - Set plugin database path to: C:\ST\STM32CubeIDE_1.2.0\STM32CubeIDE\plugins\com.st.stm32cube.common.mx_6.2.0.202102191602\\db\/plugins/boardmanager/
2021-03-01 15:50:06,460 [INFO] DbMcus:258 - Set plugin images path to: C:\ST\STM32CubeIDE_1.2.0\STM32CubeIDE\plugins\com.st.stm32cube.common.mx_6.2.0.202102191602\\db\/plugins/mcufinder/images/
2021-03-01 15:50:06,460 [INFO] DbBoards:264 - Set plugin images path to: C:\ST\STM32CubeIDE_1.2.0\STM32CubeIDE\plugins\com.st.stm32cube.common.mx_6.2.0.202102191602\\db\/plugins/mcufinder/images/
2021-03-01 15:50:06,461 [INFO] DbExamples:333 - Set plugin images path to: C:\ST\STM32CubeIDE_1.2.0\STM32CubeIDE\plugins\com.st.stm32cube.common.mx_6.2.0.202102191602\\db\/plugins/mcufinder/images/
2021-03-01 15:50:06,461 [WARN] DbFile:35 - Overriding database path with different value: C:\Users\jernej\.stmcufinder\plugins\mcufinder/ => C:\Users\jernej\.stmcufinder\plugins\mcufinder
2021-03-01 15:50:06,461 [INFO] DbMcusAds:85 - Set database path to: C:\Users\jernej\.stmcufinder\plugins\mcufinder//mcu/
2021-03-01 15:50:06,462 [WARN] DbFile:35 - Overriding database path with different value: C:\Users\jernej\.stmcufinder\plugins\mcufinder/ => C:\Users\jernej\.stmcufinder\plugins\mcufinder
2021-03-01 15:50:06,462 [INFO] DbMcusDocs:110 - Set database path to: C:\Users\jernej\.stmcufinder\plugins\mcufinder//mcu/
2021-03-01 15:50:06,462 [WARN] DbFile:35 - Overriding database path with different value: C:\Users\jernej\.stmcufinder\plugins\mcufinder/ => C:\Users\jernej\.stmcufinder\plugins\mcufinder
2021-03-01 15:50:06,462 [INFO] DbMcusJson:65 - Set database path to: C:\Users\jernej\.stmcufinder\plugins\mcufinder//mcu/
2021-03-01 15:50:06,463 [WARN] DbFile:35 - Overriding database path with different value: C:\Users\jernej\.stmcufinder\plugins\mcufinder/ => C:\Users\jernej\.stmcufinder\plugins\mcufinder
2021-03-01 15:50:06,463 [INFO] DbBoardsDocs:110 - Set database path to: C:\Users\jernej\.stmcufinder\plugins\mcufinder//mcu/
2021-03-01 15:50:06,463 [WARN] DbFile:35 - Overriding database path with different value: C:\Users\jernej\.stmcufinder\plugins\mcufinder/ => C:\Users\jernej\.stmcufinder\plugins\mcufinder
2021-03-01 15:50:06,463 [INFO] DbBoardsJson:58 - Set database path to: C:\Users\jernej\.stmcufinder\plugins\mcufinder//mcu/
2021-03-01 15:50:06,463 [WARN] DbFile:35 - Overriding database path with different value: C:\Users\jernej\.stmcufinder\plugins\mcufinder/ => C:\Users\jernej\.stmcufinder\plugins\mcufinder
2021-03-01 15:50:06,464 [WARN] DbFile:35 - Overriding database path with different value: C:\Users\jernej\.stmcufinder\plugins\mcufinder/ => C:\Users\jernej\.stmcufinder\plugins\mcufinder
2021-03-01 15:50:06,464 [INFO] CrossReferenceDbSqlite:196 - Set database path to: C:\Users\jernej\.stmcufinder\plugins\mcufinder//mcu/cs/
2021-03-01 15:50:06,464 [WARN] DbFile:35 - Overriding database path with different value: C:\Users\jernej\.stmcufinder\plugins\mcufinder/ => C:\Users\jernej\.stmcufinder\plugins\mcufinder
2021-03-01 15:50:06,464 [INFO] DbExamplesSqlite:690 - Set database path to: C:\Users\jernej\.stmcufinder\plugins\mcufinder//mcu/
2021-03-01 15:50:06,487 [INFO] ApplicationProperties:181 - Using Application install path: C:\ST\STM32CubeIDE_1.2.0\STM32CubeIDE\plugins\com.st.stm32cube.common.mx_6.2.0.202102191602
2021-03-01 15:50:06,489 [INFO] PluginManage:178 - Search for loadable plugins [exclusion list=, ]
2021-03-01 15:50:06,490 [INFO] PluginManage:292 - Check plugin analytics
2021-03-01 15:50:06,716 [INFO] AnalyticsPlugin:233 - Accepted Software Licenses: 
2021-03-01 15:50:06,717 [INFO] AnalyticsPlugin:235 - Accepted CMSIS Pack Licenses: 
2021-03-01 15:50:06,718 [INFO] AnalyticsPlugin:237 - Accepted Firmware Licenses: 
2021-03-01 15:50:06,718 [INFO] PluginManage:342 - Loaded plugin analytics (category:tool,tabindex:-1)
2021-03-01 15:50:06,719 [INFO] PluginManage:292 - Check plugin clock
2021-03-01 15:50:06,734 [INFO] PluginManage:342 - Loaded plugin clock (category:base,tabindex:2)
2021-03-01 15:50:06,734 [INFO] PluginManage:292 - Check plugin ddr
2021-03-01 15:50:06,736 [INFO] PluginManage:342 - Loaded plugin ddr (category:tool,tabindex:6)
2021-03-01 15:50:06,737 [INFO] PluginManage:292 - Check plugin filemanager
2021-03-01 15:50:06,884 [INFO] PluginManage:342 - Loaded plugin filemanager (category:base,tabindex:10)
2021-03-01 15:50:06,884 [INFO] PluginManage:292 - Check plugin ipmanager
2021-03-01 15:50:06,905 [INFO] PluginManage:342 - Loaded plugin ipmanager (category:base,tabindex:5)
2021-03-01 15:50:06,905 [INFO] PluginManage:292 - Check plugin pinoutandconfiguration
2021-03-01 15:50:06,917 [INFO] PluginManage:342 - Loaded plugin pinoutandconfiguration (category:base,tabindex:1)
2021-03-01 15:50:06,917 [INFO] PluginManage:292 - Check plugin pinoutconfig
2021-03-01 15:50:06,958 [INFO] PluginManage:342 - Loaded plugin pinoutconfig (category:base,tabindex:0)
2021-03-01 15:50:06,959 [INFO] PluginManage:292 - Check plugin power
2021-03-01 15:50:06,970 [INFO] PluginManage:342 - Loaded plugin power (category:power,tabindex:4)
2021-03-01 15:50:06,970 [INFO] PluginManage:292 - Check plugin projectmanager
2021-03-01 15:50:06,993 [INFO] PluginManage:342 - Loaded plugin projectmanager (category:projectmanager,tabindex:3)
2021-03-01 15:50:06,993 [INFO] PluginManage:292 - Check plugin thirdparty
2021-03-01 15:50:07,141 [INFO] PluginManage:342 - Loaded plugin thirdparty (category:base,tabindex:-1)
2021-03-01 15:50:07,141 [WARN] IntegrityCheckThread:59 - waiting for thirdparty lock release [integrity check]
2021-03-01 15:50:07,141 [INFO] PluginManage:292 - Check plugin tools
2021-03-01 15:50:07,143 [INFO] IntegrityCheckThread:61 - entering critical section [integrity check]
2021-03-01 15:50:07,143 [INFO] ThirdPartyUpdaterWithRetryManager:56 - Updater plugin not ready yet. [1/15]
2021-03-01 15:50:07,145 [INFO] PluginManage:342 - Loaded plugin tools (category:base,tabindex:7)
2021-03-01 15:50:07,146 [INFO] PluginManage:292 - Check plugin tutovideos
2021-03-01 15:50:07,428 [INFO] PluginManage:342 - Loaded plugin tutovideos (category:base,tabindex:-1)
2021-03-01 15:50:07,429 [INFO] PluginManage:292 - Check plugin updater
2021-03-01 15:50:07,444 [INFO] PluginManage:342 - Loaded plugin updater (category:base,tabindex:12)
2021-03-01 15:50:07,445 [INFO] PluginManage:265 - PluginManage : Loaded plugins [13]
2021-03-01 15:50:07,782 [INFO] PinOutPanel:1435 - setPackage(No Configuration,No Configuration)
2021-03-01 15:50:07,937 [INFO] IPUIPlugin:64 - create IPUIPlugin
2021-03-01 15:50:07,938 [INFO] PluginManager:203 - loadIPPluginJar : add adc
2021-03-01 15:50:07,941 [INFO] IPUIPlugin:64 - create IPUIPlugin
2021-03-01 15:50:07,941 [INFO] PluginManager:203 - loadIPPluginJar : add aes
2021-03-01 15:50:07,944 [INFO] IPUIPlugin:64 - create IPUIPlugin
2021-03-01 15:50:07,944 [INFO] PluginManager:203 - loadIPPluginJar : add can
2021-03-01 15:50:07,946 [INFO] IPUIPlugin:64 - create IPUIPlugin
2021-03-01 15:50:07,947 [INFO] PluginManager:203 - loadIPPluginJar : add comp
2021-03-01 15:50:07,949 [INFO] IPUIPlugin:64 - create IPUIPlugin
2021-03-01 15:50:07,950 [INFO] PluginManager:203 - loadIPPluginJar : add cryp
2021-03-01 15:50:07,952 [INFO] IPUIPlugin:64 - create IPUIPlugin
2021-03-01 15:50:07,953 [INFO] PluginManager:203 - loadIPPluginJar : add dfsdm
2021-03-01 15:50:07,959 [INFO] IPUIPlugin:64 - create IPUIPlugin
2021-03-01 15:50:07,960 [INFO] PluginManager:203 - loadIPPluginJar : add dma
2021-03-01 15:50:07,962 [INFO] IPUIPlugin:64 - create IPUIPlugin
2021-03-01 15:50:07,962 [INFO] PluginManager:203 - loadIPPluginJar : add fatfs
2021-03-01 15:50:07,967 [INFO] IPUIPlugin:64 - create IPUIPlugin
2021-03-01 15:50:07,968 [INFO] PluginManager:203 - loadIPPluginJar : add fmc
2021-03-01 15:50:07,974 [INFO] IPUIPlugin:64 - create IPUIPlugin
2021-03-01 15:50:07,975 [INFO] PluginManager:203 - loadIPPluginJar : add freertos
2021-03-01 15:50:07,977 [INFO] IPUIPlugin:64 - create IPUIPlugin
2021-03-01 15:50:07,977 [INFO] PluginManager:203 - loadIPPluginJar : add genericplugin
2021-03-01 15:50:07,979 [INFO] IPUIPlugin:64 - create IPUIPlugin
2021-03-01 15:50:07,979 [INFO] PluginManager:203 - loadIPPluginJar : add gfxmmu
2021-03-01 15:50:07,986 [INFO] IPUIPlugin:64 - create IPUIPlugin
2021-03-01 15:50:07,986 [INFO] PluginManager:203 - loadIPPluginJar : add gic
2021-03-01 15:50:07,991 [INFO] IPUIPlugin:64 - create IPUIPlugin
2021-03-01 15:50:07,991 [INFO] PluginManager:203 - loadIPPluginJar : add gpio
2021-03-01 15:50:07,994 [INFO] IPUIPlugin:64 - create IPUIPlugin
2021-03-01 15:50:07,994 [INFO] PluginManager:203 - loadIPPluginJar : add gtzc
2021-03-01 15:50:07,997 [INFO] IPUIPlugin:64 - create IPUIPlugin
2021-03-01 15:50:07,997 [INFO] PluginManager:203 - loadIPPluginJar : add hash
2021-03-01 15:50:08,000 [INFO] IPUIPlugin:64 - create IPUIPlugin
2021-03-01 15:50:08,000 [INFO] PluginManager:203 - loadIPPluginJar : add i2c
2021-03-01 15:50:08,003 [INFO] IPUIPlugin:64 - create IPUIPlugin
2021-03-01 15:50:08,004 [INFO] PluginManager:203 - loadIPPluginJar : add i2s
2021-03-01 15:50:08,007 [INFO] IPUIPlugin:64 - create IPUIPlugin
2021-03-01 15:50:08,007 [INFO] PluginManager:203 - loadIPPluginJar : add ipddr
2021-03-01 15:50:08,010 [INFO] IPUIPlugin:64 - create IPUIPlugin
2021-03-01 15:50:08,011 [INFO] PluginManager:203 - loadIPPluginJar : add lorawan
2021-03-01 15:50:08,012 [INFO] IPUIPlugin:64 - create IPUIPlugin
2021-03-01 15:50:08,013 [INFO] PluginManager:203 - loadIPPluginJar : add ltdc
2021-03-01 15:50:08,017 [INFO] IPUIPlugin:64 - create IPUIPlugin
2021-03-01 15:50:08,017 [INFO] PluginManager:203 - loadIPPluginJar : add mdma
2021-03-01 15:50:08,021 [INFO] IPUIPlugin:64 - create IPUIPlugin
2021-03-01 15:50:08,022 [INFO] PluginManager:203 - loadIPPluginJar : add nvic
2021-03-01 15:50:08,025 [INFO] IPUIPlugin:64 - create IPUIPlugin
2021-03-01 15:50:08,025 [INFO] PluginManager:203 - loadIPPluginJar : add opamp
2021-03-01 15:50:08,029 [INFO] IPUIPlugin:64 - create IPUIPlugin
2021-03-01 15:50:08,029 [INFO] PluginManager:203 - loadIPPluginJar : add openamp
2021-03-01 15:50:08,032 [INFO] IPUIPlugin:64 - create IPUIPlugin
2021-03-01 15:50:08,032 [INFO] PluginManager:203 - loadIPPluginJar : add pdm2pcm
2021-03-01 15:50:08,040 [INFO] IPUIPlugin:64 - create IPUIPlugin
2021-03-01 15:50:08,044 [INFO] PluginManager:203 - loadIPPluginJar : add plateformsettings
2021-03-01 15:50:08,046 [INFO] IPUIPlugin:64 - create IPUIPlugin
2021-03-01 15:50:08,046 [INFO] PluginManager:203 - loadIPPluginJar : add quadspi
2021-03-01 15:50:08,050 [INFO] IPUIPlugin:64 - create IPUIPlugin
2021-03-01 15:50:08,050 [INFO] PluginManager:203 - loadIPPluginJar : add resmgrutility
2021-03-01 15:50:08,054 [INFO] IPUIPlugin:64 - create IPUIPlugin
2021-03-01 15:50:08,054 [INFO] PluginManager:203 - loadIPPluginJar : add sai
2021-03-01 15:50:08,057 [INFO] IPUIPlugin:64 - create IPUIPlugin
2021-03-01 15:50:08,057 [INFO] PluginManager:203 - loadIPPluginJar : add spi
2021-03-01 15:50:08,062 [INFO] IPUIPlugin:64 - create IPUIPlugin
2021-03-01 15:50:08,062 [INFO] PluginManager:203 - loadIPPluginJar : add stm32_wpan
2021-03-01 15:50:08,064 [INFO] IPUIPlugin:64 - create IPUIPlugin
2021-03-01 15:50:08,064 [INFO] PluginManager:203 - loadIPPluginJar : add tim
2021-03-01 15:50:08,068 [INFO] IPUIPlugin:64 - create IPUIPlugin
2021-03-01 15:50:08,068 [INFO] PluginManager:203 - loadIPPluginJar : add touchsensing
2021-03-01 15:50:08,070 [INFO] IPUIPlugin:64 - create IPUIPlugin
2021-03-01 15:50:08,071 [INFO] PluginManager:203 - loadIPPluginJar : add tracer_emb
2021-03-01 15:50:08,073 [INFO] IPUIPlugin:64 - create IPUIPlugin
2021-03-01 15:50:08,073 [INFO] PluginManager:203 - loadIPPluginJar : add ts
2021-03-01 15:50:08,075 [INFO] IPUIPlugin:64 - create IPUIPlugin
2021-03-01 15:50:08,075 [INFO] PluginManager:203 - loadIPPluginJar : add tsc
2021-03-01 15:50:08,077 [INFO] IPUIPlugin:64 - create IPUIPlugin
2021-03-01 15:50:08,078 [INFO] PluginManager:203 - loadIPPluginJar : add ucpd
2021-03-01 15:50:08,081 [INFO] IPUIPlugin:64 - create IPUIPlugin
2021-03-01 15:50:08,081 [INFO] PluginManager:203 - loadIPPluginJar : add usart
2021-03-01 15:50:08,482 [FATAL] Updater:284 - Updater called before beeing initialized
2021-03-01 15:50:08,679 [FATAL] Updater:284 - Updater called before beeing initialized
2021-03-01 15:50:08,684 [INFO] DbMcusAds:132 - JSON generation date=Thu Feb 11 23:55:24 JST 2021 (1613055324029)
2021-03-01 15:50:08,685 [FATAL] Updater:284 - Updater called before beeing initialized
2021-03-01 15:50:08,738 [WARN] DetailPanel:315 - Failed to get advertising image, set to default
2021-03-01 15:50:09,095 [FATAL] Updater:284 - Updater called before beeing initialized
2021-03-01 15:50:09,098 [FATAL] Updater:284 - Updater called before beeing initialized
2021-03-01 15:50:09,098 [FATAL] Updater:284 - Updater called before beeing initialized
2021-03-01 15:50:09,098 [WARN] DetailPanel:315 - Failed to get advertising image, set to default
2021-03-01 15:50:09,100 [FATAL] Updater:284 - Updater called before beeing initialized
2021-03-01 15:50:09,185 [FATAL] Updater:284 - Updater called before beeing initialized
2021-03-01 15:50:09,185 [WARN] ThirdParty:796 - waiting for thirdparty lock release [close project]
2021-03-01 15:50:10,144 [INFO] ThirdPartyUpdaterWithRetryManager:56 - Updater plugin not ready yet. [2/15]
2021-03-01 15:50:13,144 [FATAL] Updater:284 - Updater called before beeing initialized
2021-03-01 15:50:13,144 [ERROR] AbstractThirdPartyUpdaterManager:153 - class java.lang.Integer cannot be cast to class java.util.List (java.lang.Integer and java.util.List are in module java.base of loader 'bootstrap')
2021-03-01 15:50:13,145 [INFO] ThirdParty:900 - Integrity check success = false
2021-03-01 15:50:13,145 [INFO] IntegrityCheckThread:75 - exiting critical section [integrity check]
2021-03-01 15:50:13,145 [INFO] IntegrityCheckThread:78 - End integrity checks thread
2021-03-01 15:50:13,145 [INFO] ThirdParty:798 - entering critical section [close project]
2021-03-01 15:50:13,147 [INFO] ThirdParty:809 - exiting critical section [close project]
2021-03-01 15:50:13,151 [INFO] PinOutPanel:1435 - setPackage(No Configuration,No Configuration)
2021-03-01 15:50:13,152 [FATAL] Updater:284 - Updater called before beeing initialized
2021-03-01 15:50:13,163 [INFO] Updater:1002 - Updater Version found : 6.2.0
2021-03-01 15:50:13,185 [INFO] ApplicationProperties:181 - Using Application install path: C:\ST\STM32CubeIDE_1.2.0\STM32CubeIDE\plugins\com.st.stm32cube.common.mx_6.2.0.202102191602
2021-03-01 15:50:13,881 [INFO] MainUpdater:2661 - connection check result : 10
2021-03-01 15:50:13,882 [INFO] MainUpdater:255 - Updater Check For Update Now.
2021-03-01 15:50:13,882 [INFO] MicroXplorer:472 - Change Database Version : DB.6.0.20
2021-03-01 15:50:13,928 [INFO] CheckServerUpdateThread:102 - End of CheckServer Thread
2021-03-01 15:50:13,990 [INFO] MainUpdater:2661 - connection check result : 10
2021-03-01 15:50:14,318 [INFO] CrossSelectorPresenter:1330 - Cross Selector saved comparison directory: C:\Users\jernej\.stmcufinder\plugins\mcufinder\mcu\cs_comparisons_mx
2021-03-01 15:50:14,324 [INFO] MultiScanPanel:200 - Auto-refresh data requested => check proxy status ongoing
2021-03-01 15:50:14,328 [INFO] FinderPluginLoader:87 - Searching for filters in installed packs
2021-03-01 15:50:14,329 [INFO] DbMcusXml:100 - Load MCU database from C:\ST\STM32CubeIDE_1.2.0\STM32CubeIDE\plugins\com.st.stm32cube.common.mx_6.2.0.202102191602\\db\/mcu/families.xml
2021-03-01 15:50:15,329 [INFO] DbMcusJson:94 - JSON generation date=Mon Feb 08 22:35:07 JST 2021 (1612791307)
2021-03-01 15:50:16,277 [INFO] DbMcus:175 - Found 1906 MCUs (1866 are supported by CubeMX, 1866 are visible in CubeMX)
2021-03-01 15:50:16,277 [INFO] ApiDb:251 - Load user favorites file C:\Users\jernej/.stm32cubeide/favorites.mcus.txt: 0 item(s)
2021-03-01 15:50:16,278 [INFO] ApiDb:255 - User favorites MCUs=[]
2021-03-01 15:50:16,278 [INFO] DbMcus:187 - Set 0 / 0 favorites MCUs
2021-03-01 15:50:16,928 [WARN] DetailPanel:315 - Failed to get advertising image, set to default
2021-03-01 15:50:17,486 [INFO] DbBoardsPdsc:90 - Found 24 items
2021-03-01 15:50:17,489 [INFO] DbBoardsPdsc:90 - Found 9 items
2021-03-01 15:50:17,494 [INFO] DbBoardsPdsc:90 - Found 33 items
2021-03-01 15:50:17,495 [INFO] DbBoardsPdsc:90 - Found 1 items
2021-03-01 15:50:17,504 [INFO] DbBoardsPdsc:90 - Found 46 items
2021-03-01 15:50:17,513 [INFO] DbBoardsPdsc:90 - Found 41 items
2021-03-01 15:50:17,515 [INFO] DbBoardsPdsc:90 - Found 2 items
2021-03-01 15:50:17,517 [INFO] DbBoardsPdsc:90 - Found 5 items
2021-03-01 15:50:17,521 [WARN] DbBoardsPdsc:254 - Board NUCLEO-WB15CC: unknown feature type=, name=, username=Three user LEDs, n=1
2021-03-01 15:50:17,521 [WARN] DbBoardsPdsc:254 - Board NUCLEO-WB15CC: unknown feature type=, name=, username=One reset and three user push-buttons, n=1
2021-03-01 15:50:17,521 [WARN] DbBoardsPdsc:254 - Board NUCLEO-WB15CC: unknown feature type=, name=, username=Arduino Uno V3 expansion connector, n=1
2021-03-01 15:50:17,521 [WARN] DbBoardsPdsc:254 - Board NUCLEO-WB15CC: unknown feature type=, name=, username=ST morpho extension pin headers for full access to all STM32WB I/Os, n=1
2021-03-01 15:50:17,522 [WARN] DbBoardsPdsc:254 - Board NUCLEO-WB15CC: unknown feature type=, name=, username=Integrated PCB antenna and SMA connector footprint, n=1
2021-03-01 15:50:17,522 [WARN] DbBoardsPdsc:254 - Board NUCLEO-WB15CC: unknown feature type=, name=, username=Flexible power-supply options: ST-LINK, USB VBUS, or external sources, n=1
2021-03-01 15:50:17,522 [WARN] DbBoardsPdsc:254 - Board NUCLEO-WB15CC: unknown feature type=, name=, username=On-board footprint to mount a CR2032 battery socket, n=1
2021-03-01 15:50:17,522 [WARN] DbBoardsPdsc:254 - Board NUCLEO-WB15CC: unknown feature type=, name=, username=On-board ST-LINK/V2-1 debugger/programmer with USB re-enumeration capability: mass storage, Virtual COM port, and debug port, n=1
2021-03-01 15:50:17,522 [WARN] DbBoardsPdsc:254 - Board NUCLEO-WB15CC: unknown feature type=, name=, username=Comprehensive free software libraries and examples available with the STM32CubeWB MCU Package, n=1
2021-03-01 15:50:17,522 [WARN] DbBoardsPdsc:254 - Board NUCLEO-WB15CC: unknown feature type=, name=, username=Support of a wide choice of Integrated Development Environments (IDEs) including IAR Embedded Workbench, MDK-ARM, STM32CubeIDE, and Mbed Studio, n=1
2021-03-01 15:50:17,525 [WARN] DbBoardsPdsc:254 - Board STM32H7B3I-DK: unknown feature type=Audio, name=, username=Audio stereo codec with Headphone Amp (CS42L51-CNZ), n=1
2021-03-01 15:50:17,525 [WARN] DbBoardsPdsc:254 - Board STM32H735G-DK: unknown feature type=Audio, name=, username=Audio stereo codec with Headphone Amp (WM8994ECS/R), n=1
2021-03-01 15:50:17,525 [WARN] DbBoardsPdsc:254 - Board STM32WB5MM-DK: unknown feature type=, name=, username=Time-of-Flight and gesture-detection sensor, n=1
2021-03-01 15:50:17,525 [WARN] DbBoardsPdsc:254 - Board STM32WB5MM-DK: unknown feature type=, name=, username=3 push-buttons (2 users and 1 reset) and 1 touch key button, n=1
2021-03-01 15:50:17,525 [WARN] DbBoardsPdsc:254 - Board STM32WB5MM-DK: unknown feature type=, name=, username=Flexible power-supply options: ST-LINK/V2-1 USB connector, 5 V delivered by ARDUINO® or external connector, USB charger, or USB power, n=1
2021-03-01 15:50:17,526 [WARN] DbBoardsPdsc:254 - Board STM32WB5MM-DK: unknown feature type=, name=, username=On-board ST-LINK/V2-1 debugger/programmer with USB re-enumeration capability: Virtual COM port and debug port, n=1
2021-03-01 15:50:17,526 [WARN] DbBoardsPdsc:254 - Board STM32WB5MM-DK: unknown feature type=, name=, username=Comprehensive free software libraries and examples available with the STM32CubeWB MCU Package, n=1
2021-03-01 15:50:17,526 [WARN] DbBoardsPdsc:254 - Board STM32WB5MM-DK: unknown feature type=, name=, username=Support of a wide choice of Integrated Development Environments (IDEs) including IAR Embedded Workbench®, MDK-ARM, and STM32CubeIDE, n=1
2021-03-01 15:50:17,527 [WARN] DbBoardsPdsc:254 - Board STM32H7B3I-EVAL: unknown feature type=Audio, name=, username=Multi-Channel Audio Codec (CS42L51-CNZ), n=1
2021-03-01 15:50:17,528 [WARN] DbBoardsPdsc:254 - Board STM32H7B3I-EVAL: unknown feature type=Meter, name=, username=Power-metering and Temperature-monitoring with sigma-delta modulators, n=1
2021-03-01 15:50:17,528 [WARN] DbBoardsPdsc:254 - Board STM32H7B3I-EVAL: unknown feature type=Motor, name=, username=Motor Control, n=1
2021-03-01 15:50:17,563 [INFO] DbBoardsJson:87 - JSON generation date=Fri Feb 05 01:53:45 JST 2021 (1612457625)
2021-03-01 15:50:17,570 [INFO] DbBoards:117 - Found 161 boards (158 are supported by CubeMX)
2021-03-01 15:50:17,585 [INFO] DbBoardsDocs:143 - JSON generation date=Mon Feb 08 22:35:07 JST 2021 (1612791307)
2021-03-01 15:50:17,625 [INFO] DbBoardsDocs:79 - Found 193 boards documents
2021-03-01 15:50:17,626 [WARN] DbBoards:127 - board B-L462E-CELL1 has no document id list !
2021-03-01 15:50:17,626 [WARN] DbBoards:127 - board B-L475E-IOT01A2 has no document id list !
2021-03-01 15:50:17,627 [WARN] DbBoards:127 - board NUCLEO-G0B1RE has no document id list !
2021-03-01 15:50:17,627 [WARN] DbBoards:127 - board NUCLEO-H743ZI2 has no document id list !
2021-03-01 15:50:17,628 [WARN] DbBoards:127 - board NUCLEO-L4A6ZG has no document id list !
2021-03-01 15:50:17,628 [WARN] DbBoards:127 - board NUCLEO-WB15CC has no document id list !
2021-03-01 15:50:17,628 [WARN] DbBoards:127 - board NUCLEO-WB55RG has no document id list !
2021-03-01 15:50:17,628 [WARN] DbBoards:127 - board NUCLEO-WL55JC2 has no document id list !
2021-03-01 15:50:17,628 [WARN] DbBoards:127 - board P-NUCLEO-WB55-Nucleo has no document id list !
2021-03-01 15:50:17,629 [WARN] DbBoards:127 - board P-NUCLEO-WB55-USBDongle has no document id list !
2021-03-01 15:50:17,629 [WARN] DbBoards:127 - board STEVAL-BFA001V1B has no document id list !
2021-03-01 15:50:17,629 [WARN] DbBoards:127 - board STEVAL-BFA001V2B has no document id list !
2021-03-01 15:50:17,629 [WARN] DbBoards:127 - board STEVAL-IDP005V1 has no document id list !
2021-03-01 15:50:17,629 [WARN] DbBoards:127 - board STEVAL-IDP005V2 has no document id list !
2021-03-01 15:50:17,629 [WARN] DbBoards:127 - board STEVAL-MKSBOX1V1 has no document id list !
2021-03-01 15:50:17,629 [WARN] DbBoards:127 - board STEVAL-STWINKT1 has no document id list !
2021-03-01 15:50:17,629 [WARN] DbBoards:127 - board STEVAL-STWINKT1B has no document id list !
2021-03-01 15:50:17,630 [WARN] DbBoards:127 - board STM32F401C-DISCO has no document id list !
2021-03-01 15:50:17,630 [WARN] DbBoards:127 - board STM32F769I-DISC1 has no document id list !
2021-03-01 15:50:17,631 [WARN] DbBoards:127 - board STM32G0C1E-EV has no document id list !
2021-03-01 15:50:17,631 [WARN] DbBoards:127 - board STM32G474E-EVAL1 has no document id list !
2021-03-01 15:50:17,631 [WARN] DbBoards:127 - board STM32H743I-EVAL2 has no document id list !
2021-03-01 15:50:17,631 [WARN] DbBoards:127 - board STM32H747I-DISC1 has no document id list !
2021-03-01 15:50:17,631 [WARN] DbBoards:127 - board STM32H753I-EVAL2 has no document id list !
2021-03-01 15:50:17,632 [WARN] DbBoards:127 - board STM32L-DISCOVERY has no document id list !
2021-03-01 15:50:17,632 [WARN] DbBoards:127 - board STM32MP157A-DK1 has no document id list !
2021-03-01 15:50:17,633 [WARN] DbBoards:127 - board STM32MP157F-DK2 has no document id list !
2021-03-01 15:50:17,633 [WARN] DbBoards:127 - board STM32MP157F-EV1 has no document id list !
2021-03-01 15:50:17,633 [WARN] DbBoards:127 - board STM32WB5MM-DK has no document id list !
2021-03-01 15:50:19,987 [INFO] ApiDb:251 - Load user favorites file C:\Users\jernej/.stm32cubeide/favorites.boards.txt: 0 item(s)
2021-03-01 15:50:19,987 [INFO] ApiDb:255 - User favorites Boards=[]
2021-03-01 15:50:19,987 [INFO] DbBoards:206 - Set 0 / 0 favorites Boards
2021-03-01 15:50:20,521 [INFO] MultiScanPanel:200 - Auto-refresh data requested => check proxy status ongoing
2021-03-01 15:50:20,619 [WARN] DetailPanel:315 - Failed to get advertising image, set to default
2021-03-01 15:50:20,789 [INFO] MultiScanPanel:200 - Auto-refresh data requested => check proxy status ongoing
2021-03-01 15:50:20,933 [INFO] ApiDb:479 - Connected to CubeFinder SQLite database (C:\Users\jernej\.stmcufinder\plugins\mcufinder\mcu\cube-finder-db.db)
2021-03-01 15:50:21,860 [INFO] DbExamplesSqlite:401 - Ignored 35 examples not supported by CubeIDE
2021-03-01 15:50:21,861 [INFO] DbExamplesSqlite:402 - Found 4966 examples active
2021-03-01 15:50:21,861 [INFO] DbExamplesSqlite:403 - Found 130 examples obsolete
2021-03-01 15:50:21,861 [INFO] DbExamplesSqlite:404 - Found 0 examples under development
2021-03-01 15:50:21,861 [INFO] DbExamplesSqlite:405 - Found 76 examples not building
2021-03-01 15:50:21,888 [INFO] DbExamplesSqlite:104 - CubeFinder database Data Model version=2.1
2021-03-01 15:50:21,888 [INFO] DbExamplesSqlite:105 - CubeFinder database Configuration version=2.16
2021-03-01 15:50:21,889 [INFO] DbExamplesSqlite:106 - CubeFinder database generation date=2021-02-19 (1613729613)
2021-03-01 15:50:21,889 [INFO] DbExamplesSqlite:107 - CubeFinder database FW Pack versions=[STM32Cube_FW_F4_V1.26.0, STM32Cube_FW_F7_V1.16.0, STM32Cube_FW_G0_V1.4.0, STM32Cube_FW_G4_V1.4.0, STM32Cube_FW_H7_V1.9.0, STM32Cube_FW_L5_V1.4.0, STM32Cube_FW_WB_V1.11.0, STM32Cube_FW_WL_V1.0.0, X-CUBE-AZRTOS-H7_V1.0.0, X-CUBE-BLE2_V3.2.0, X-CUBE-GNSS1_V5.2.0]
2021-03-01 15:50:21,890 [INFO] DbExamples:130 - Found 5007 examples
2021-03-01 15:50:22,948 [ERROR] DbExamples:206 - Found 300 examples with invalid data (board or MCU)
2021-03-01 15:50:22,949 [INFO] DbExamples:222 - Found 63 boards with related examples
2021-03-01 15:50:22,963 [INFO] DbExamples:235 - Found 51 MCUs with related examples
2021-03-01 15:50:22,983 [INFO] ApiDb:242 - User favorites file not found: C:\Users\jernej/.stm32cubeide/favorites.examples.txt
2021-03-01 15:50:22,983 [INFO] DbExamples:256 - Set 0 / 0 favorites Examples
2021-03-01 15:50:23,344 [INFO] SoftwarePacks:121 - Download is needed for SW pack 'STM32Cube_FW_F4_V1.26.0'
2021-03-01 15:50:23,354 [INFO] SoftwarePacks:121 - Download is needed for SW pack 'STM32Cube_FW_F7_V1.16.0'
2021-03-01 15:50:23,363 [INFO] SoftwarePacks:121 - Download is needed for SW pack 'STM32Cube_FW_G0_V1.4.0'
2021-03-01 15:50:23,381 [INFO] SoftwarePacks:121 - Download is needed for SW pack 'STM32Cube_FW_G4_V1.4.0'
2021-03-01 15:50:23,392 [INFO] SoftwarePacks:121 - Download is needed for SW pack 'STM32Cube_FW_H7_V1.9.0'
2021-03-01 15:50:23,402 [INFO] SoftwarePacks:121 - Download is needed for SW pack 'STM32Cube_FW_L5_V1.4.0'
2021-03-01 15:50:23,411 [INFO] SoftwarePacks:121 - Download is needed for SW pack 'STM32Cube_FW_WB_V1.11.0'
2021-03-01 15:50:23,421 [INFO] SoftwarePacks:121 - Download is needed for SW pack 'STM32Cube_FW_WL_V1.0.0'
2021-03-01 15:50:23,422 [INFO] SoftwarePacks:121 - Download is needed for SW pack 'X-CUBE-AZRTOS-H7_V1.0.0'
2021-03-01 15:50:23,422 [INFO] SoftwarePacks:121 - Download is needed for SW pack 'X-CUBE-BLE2_V3.2.0'
2021-03-01 15:50:23,422 [INFO] SoftwarePacks:121 - Download is needed for SW pack 'X-CUBE-GNSS1_V5.2.0'
2021-03-01 15:50:25,289 [WARN] DetailPanel:315 - Failed to get advertising image, set to default
2021-03-01 15:50:31,462 [INFO] ApiDb:276 - Save user favorites file C:\Users\jernej/.stm32cubeide/favorites.mcus.txt: 0 item(s)
2021-03-01 15:50:31,462 [INFO] ApiDb:280 - User favorites MCUs=[]
2021-03-01 15:50:31,464 [INFO] ApiDb:276 - Save user favorites file C:\Users\jernej/.stm32cubeide/favorites.boards.txt: 0 item(s)
2021-03-01 15:50:31,464 [INFO] ApiDb:280 - User favorites Boards=[]
2021-03-01 15:50:31,468 [INFO] ApiDb:276 - Save user favorites file C:\Users\jernej/.stm32cubeide/favorites.examples.txt: 0 item(s)
2021-03-01 15:50:31,469 [INFO] ApiDb:280 - User favorites Examples=[]
